2025-01-08 10:32:59 [JavaFX Application Thread] INFO  org.example.Main - Starting application...
2025-01-08 10:33:03 [JavaFX Application Thread] INFO  org.example.BoardController - Created GameOfLifeBoard with dimensions: 4x4 and density: 30
2025-01-08 10:39:33 [JavaFX Application Thread] INFO  org.example.Main - Starting application...
2025-01-08 10:39:37 [JavaFX Application Thread] INFO  org.example.FormController - Language successfully changed to: polski
2025-01-08 10:39:39 [JavaFX Application Thread] INFO  org.example.FormController - Language successfully changed to: angielski
2025-01-08 10:39:43 [JavaFX Application Thread] INFO  org.example.FormController - Language successfully changed to: polski
2025-01-08 10:39:44 [JavaFX Application Thread] INFO  org.example.FormController - Language successfully changed to: polski
2025-01-08 10:39:46 [JavaFX Application Thread] INFO  org.example.FormController - Language successfully changed to: angielski
2025-01-08 11:29:27 [JavaFX Application Thread] INFO  org.example.Main - Starting application...
2025-01-08 11:29:30 [JavaFX Application Thread] INFO  org.example.BoardController - Created GameOfLifeBoard with dimensions: 4x4 and density: 30
2025-01-08 15:16:27 [JavaFX Application Thread] INFO  org.example.Main - Starting application...
2025-01-10 14:32:32 [JavaFX Application Thread] INFO  org.example.Main - Starting application...
2025-01-12 23:18:35 [main] ERROR org.example.JdbcGameOfLifeBoardDao - Couldn't get generated key
2025-01-13 10:50:57 [main] INFO  org.example.JdbcGameOfLifeBoardDao - Board dimensions: width=0, height=0, density=0
2025-01-13 10:51:47 [main] INFO  org.example.JdbcGameOfLifeBoardDao - JESTEM W TRY!
2025-01-13 10:51:47 [main] INFO  org.example.JdbcGameOfLifeBoardDao - Board dimensions: width=0, height=0, density=0
2025-01-13 10:53:36 [main] INFO  org.example.JdbcGameOfLifeBoardDao - Board dimensions: width=5, height=5, density=30
2025-01-13 11:28:38 [main] INFO  org.example.JdbcGameOfLifeBoardDao - Board dimensions: width=5, height=5, density=30
2025-01-13 11:33:49 [main] INFO  org.example.JdbcGameOfLifeBoardDao - Board dimensions: width=5, height=5, density=30
2025-02-16 17:02:47 [JavaFX Application Thread] INFO  org.example.Main - Starting application...
2025-02-16 17:02:53 [JavaFX Application Thread] INFO  org.example.BoardController - Created GameOfLifeBoard with dimensions: 19x12 and density: 30
2025-02-18 19:50:07 [JavaFX Application Thread] INFO  org.example.Main - Starting application...
2025-02-18 19:50:10 [JavaFX Application Thread] INFO  org.example.BoardController - Created GameOfLifeBoard with dimensions: 4x4 and density: 30
2025-02-18 20:05:13 [JavaFX Application Thread] INFO  org.example.Main - Starting application...
2025-02-18 20:05:16 [JavaFX Application Thread] INFO  org.example.BoardController - Created GameOfLifeBoard with dimensions: 4x4 and density: 30
2025-02-18 20:07:25 [JavaFX Application Thread] INFO  org.example.Main - Starting application...
2025-02-18 20:07:27 [JavaFX Application Thread] INFO  org.example.BoardController - Created GameOfLifeBoard with dimensions: 4x4 and density: 30
2025-02-18 20:10:49 [JavaFX Application Thread] INFO  org.example.Main - Starting application...
2025-02-18 20:10:51 [JavaFX Application Thread] INFO  org.example.BoardController - Created GameOfLifeBoard with dimensions: 4x4 and density: 30
2025-02-18 20:12:51 [JavaFX Application Thread] INFO  org.example.Main - Starting application...
2025-02-18 20:12:53 [JavaFX Application Thread] INFO  org.example.BoardController - Created GameOfLifeBoard with dimensions: 4x4 and density: 30
2025-02-18 20:13:28 [JavaFX Application Thread] INFO  org.example.Main - Starting application...
2025-02-18 20:13:30 [JavaFX Application Thread] INFO  org.example.BoardController - Created GameOfLifeBoard with dimensions: 4x4 and density: 30
2025-02-20 14:26:30 [JavaFX Application Thread] INFO  org.example.Main - Starting application...
2025-02-20 14:26:39 [JavaFX Application Thread] INFO  org.example.BoardController - Created GameOfLifeBoard with dimensions: 10x11 and density: 30
2025-02-21 14:51:35 [JavaFX Application Thread] INFO  org.example.Main - Starting application...
2025-02-21 14:51:38 [JavaFX Application Thread] INFO  org.example.BoardController - Created GameOfLifeBoard with dimensions: 4x4 and density: 30
2025-02-21 14:51:49 [JavaFX Application Thread] INFO  org.example.BoardController - Successfully saved GameOfLifeBoard to file: C:\Users\koste\Desktop\4x4
2025-02-21 14:51:58 [JavaFX Application Thread] INFO  org.example.Main - Starting application...
2025-02-21 14:52:02 [JavaFX Application Thread] INFO  org.example.BoardController - Created GameOfLifeBoard with dimensions: 4x11 and density: 30
2025-02-21 14:52:11 [JavaFX Application Thread] INFO  org.example.BoardController - Successfully loaded GameOfLifeBoard from file: C:\Users\koste\Desktop\4x4
2025-02-21 14:59:36 [JavaFX Application Thread] INFO  org.example.Main - Starting application...
2025-02-21 14:59:42 [JavaFX Application Thread] INFO  org.example.BoardController - Created GameOfLifeBoard with dimensions: 4x4 and density: 30
2025-02-21 15:01:14 [JavaFX Application Thread] INFO  org.example.Main - Starting application...
2025-02-21 15:01:18 [JavaFX Application Thread] INFO  org.example.BoardController - Created GameOfLifeBoard with dimensions: 4x4 and density: 30
2025-02-21 15:01:36 [JavaFX Application Thread] INFO  org.example.Main - Starting application...
2025-02-21 15:01:38 [JavaFX Application Thread] INFO  org.example.BoardController - Created GameOfLifeBoard with dimensions: 4x4 and density: 30
2025-02-21 15:03:31 [JavaFX Application Thread] INFO  org.example.Main - Starting application...
2025-02-21 15:03:33 [JavaFX Application Thread] INFO  org.example.BoardController - Created GameOfLifeBoard with dimensions: 4x4 and density: 30
2025-02-21 15:04:11 [JavaFX Application Thread] INFO  org.example.Main - Starting application...
2025-02-21 15:04:17 [JavaFX Application Thread] INFO  org.example.BoardController - Created GameOfLifeBoard with dimensions: 4x13 and density: 30
2025-02-21 15:04:52 [JavaFX Application Thread] INFO  org.example.Main - Starting application...
2025-02-21 15:04:55 [JavaFX Application Thread] INFO  org.example.BoardController - Created GameOfLifeBoard with dimensions: 4x4 and density: 30
